This is pdfTeX, Version 3.141592653-2.6-1.40.24 (MiKTeX 23.1) (preloaded format=pdflatex 2023.2.24)  16 MAR 2023 10:24
entering extended mode
 restricted \write18 enabled.
 %&-line parsing enabled.
**./paper.tex
(paper.tex
LaTeX2e <2022-11-01> patch level 1
L3 programming layer <2023-02-07> (juliacon.cls
(C:\Users\Carlo Brunelli\AppData\Local\Programs\MiKTeX\tex/latex/psnfss\helvet.
sty
Package: helvet 2020/03/25 PSNFSS-v9.3 (WaS) 

(C:\Users\Carlo Brunelli\AppData\Local\Programs\MiKTeX\tex/latex/graphics\keyva
l.sty
Package: keyval 2022/05/29 v1.15 key=value parser (DPC)
\KV@toks@=\toks16
))
Document Class: juliacon 

(C:\Users\Carlo Brunelli\AppData\Local\Programs\MiKTeX\tex/latex/base\latexsym.
sty
Package: latexsym 1998/08/17 v2.2e Standard LaTeX package (lasy symbols)
\symlasy=\mathgroup4
LaTeX Font Info:    Overwriting symbol font `lasy' in version `bold'
(Font)                  U/lasy/m/n --> U/lasy/b/n on input line 52.
)
(C:\Users\Carlo Brunelli\AppData\Local\Programs\MiKTeX\tex/latex/url\url.sty
\Urlmuskip=\muskip16
Package: url 2013/09/16  ver 3.4  Verb mode for urls, etc.
)
(C:\Users\Carlo Brunelli\AppData\Local\Programs\MiKTeX\tex/latex/base\inputenc.
sty
Package: inputenc 2021/02/14 v1.3d Input encoding file
\inpenc@prehook=\toks17
\inpenc@posthook=\toks18
)
(C:\Users\Carlo Brunelli\AppData\Local\Programs\MiKTeX\tex/latex/base\fontenc.s
ty
Package: fontenc 2021/04/29 v2.0v Standard LaTeX package
)
\trimheight=\dimen140
\trimwidth=\dimen141
\typeheight=\dimen142
\typewidth=\dimen143
\normaltextheight=\dimen144
\blindfoliodrop=\dimen145
\tempbox=\box51
 (journal_dat.tex)
\tempdimen=\dimen146
\normaltextheight=\dimen147
\c@secnumbookdepth=\count185
\c@theorem=\count186
\c@strategy=\count187
\c@property=\count188
\c@proposition=\count189
\c@exam=\count190
\c@part=\count191
\c@section=\count192
\c@subsection=\count193
\c@subsubsection=\count194
\c@paragraph=\count195
\c@figure=\count196
\c@table=\count197
\belowcaptionskip=\skip48
\tbbox=\box52
\tabledim=\dimen148
\@narrowfig=\dimen149
\@nfigbox=\box53
\@nfcapbox=\box54
\@abstract=\box55
\@terms=\box56
\@keywords=\box57
\bibindent=\dimen150
LaTeX Info: Redefining \cal on input line 900.

(C:\Users\Carlo Brunelli\AppData\Local\Programs\MiKTeX\tex/latex/psnfss\times.s
ty
Package: times 2020/03/25 PSNFSS-v9.3 (SPQR) 
)
(C:\Users\Carlo Brunelli\AppData\Local\Programs\MiKTeX\tex/latex/tools\bm.sty
Package: bm 2022/01/05 v1.2f Bold Symbol Support (DPC/FMi)
\symboldoperators=\mathgroup5
\symboldletters=\mathgroup6
\symboldsymbols=\mathgroup7
Package bm Info: No bold for \OMX/cmex/m/n, using \pmb.
\symboldlasy=\mathgroup8
LaTeX Font Info:    Redeclaring math alphabet \mathbf on input line 149.
LaTeX Info: Redefining \bm on input line 219.
)
(C:\Users\Carlo Brunelli\AppData\Local\Programs\MiKTeX\tex/latex/graphics\graph
icx.sty
Package: graphicx 2021/09/16 v1.2d Enhanced LaTeX Graphics (DPC,SPQR)

(C:\Users\Carlo Brunelli\AppData\Local\Programs\MiKTeX\tex/latex/graphics\graph
ics.sty
Package: graphics 2022/03/10 v1.4e Standard LaTeX Graphics (DPC,SPQR)

(C:\Users\Carlo Brunelli\AppData\Local\Programs\MiKTeX\tex/latex/graphics\trig.
sty
Package: trig 2021/08/11 v1.11 sin cos tan (DPC)
)
(C:\Users\Carlo Brunelli\AppData\Local\Programs\MiKTeX\tex/latex/graphics-cfg\g
raphics.cfg
File: graphics.cfg 2016/06/04 v1.11 sample graphics configuration
)
Package graphics Info: Driver file: pdftex.def on input line 107.

(C:\Users\Carlo Brunelli\AppData\Local\Programs\MiKTeX\tex/latex/graphics-def\p
dftex.def
File: pdftex.def 2022/09/22 v1.2b Graphics/color driver for pdftex
))
\Gin@req@height=\dimen151
\Gin@req@width=\dimen152
)
(C:\Users\Carlo Brunelli\AppData\Local\Programs\MiKTeX\tex/latex/hyperref\hyper
ref.sty
Package: hyperref 2023-02-07 v7.00v Hypertext links for LaTeX

(C:\Users\Carlo Brunelli\AppData\Local\Programs\MiKTeX\tex/generic/ltxcmds\ltxc
mds.sty
Package: ltxcmds 2020-05-10 v1.25 LaTeX kernel commands for general use (HO)
)
(C:\Users\Carlo Brunelli\AppData\Local\Programs\MiKTeX\tex/generic/iftex\iftex.
sty
Package: iftex 2022/02/03 v1.0f TeX engine tests
)
(C:\Users\Carlo Brunelli\AppData\Local\Programs\MiKTeX\tex/generic/pdftexcmds\p
dftexcmds.sty
Package: pdftexcmds 2020-06-27 v0.33 Utility functions of pdfTeX for LuaTeX (HO
)

(C:\Users\Carlo Brunelli\AppData\Local\Programs\MiKTeX\tex/generic/infwarerr\in
fwarerr.sty
Package: infwarerr 2019/12/03 v1.5 Providing info/warning/error messages (HO)
)
Package pdftexcmds Info: \pdf@primitive is available.
Package pdftexcmds Info: \pdf@ifprimitive is available.
Package pdftexcmds Info: \pdfdraftmode found.
)
(C:\Users\Carlo Brunelli\AppData\Local\Programs\MiKTeX\tex/latex/kvsetkeys\kvse
tkeys.sty
Package: kvsetkeys 2022-10-05 v1.19 Key value parser (HO)
)
(C:\Users\Carlo Brunelli\AppData\Local\Programs\MiKTeX\tex/generic/kvdefinekeys
\kvdefinekeys.sty
Package: kvdefinekeys 2019-12-19 v1.6 Define keys (HO)
)
(C:\Users\Carlo Brunelli\AppData\Local\Programs\MiKTeX\tex/generic/pdfescape\pd
fescape.sty
Package: pdfescape 2019/12/09 v1.15 Implements pdfTeX's escape features (HO)
)
(C:\Users\Carlo Brunelli\AppData\Local\Programs\MiKTeX\tex/latex/hycolor\hycolo
r.sty
Package: hycolor 2020-01-27 v1.10 Color options for hyperref/bookmark (HO)
)
(C:\Users\Carlo Brunelli\AppData\Local\Programs\MiKTeX\tex/latex/letltxmacro\le
tltxmacro.sty
Package: letltxmacro 2019/12/03 v1.6 Let assignment for LaTeX macros (HO)
)
(C:\Users\Carlo Brunelli\AppData\Local\Programs\MiKTeX\tex/latex/auxhook\auxhoo
k.sty
Package: auxhook 2019-12-17 v1.6 Hooks for auxiliary files (HO)
)
(C:\Users\Carlo Brunelli\AppData\Local\Programs\MiKTeX\tex/latex/hyperref\namer
ef.sty
Package: nameref 2022-05-17 v2.50 Cross-referencing by name of section

(C:\Users\Carlo Brunelli\AppData\Local\Programs\MiKTeX\tex/latex/refcount\refco
unt.sty
Package: refcount 2019/12/15 v3.6 Data extraction from label references (HO)
)
(C:\Users\Carlo Brunelli\AppData\Local\Programs\MiKTeX\tex/generic/gettitlestri
ng\gettitlestring.sty
Package: gettitlestring 2019/12/15 v1.6 Cleanup title references (HO)

(C:\Users\Carlo Brunelli\AppData\Local\Programs\MiKTeX\tex/latex/kvoptions\kvop
tions.sty
Package: kvoptions 2022-06-15 v3.15 Key value format for package options (HO)
))
\c@section@level=\count198
)
\@linkdim=\dimen153
\Hy@linkcounter=\count199
\Hy@pagecounter=\count266

(C:\Users\Carlo Brunelli\AppData\Local\Programs\MiKTeX\tex/latex/hyperref\pd1en
c.def
File: pd1enc.def 2023-02-07 v7.00v Hyperref: PDFDocEncoding definition (HO)
Now handling font encoding PD1 ...
... no UTF-8 mapping file for font encoding PD1
)
(C:\Users\Carlo Brunelli\AppData\Local\Programs\MiKTeX\tex/generic/intcalc\intc
alc.sty
Package: intcalc 2019/12/15 v1.3 Expandable calculations with integers (HO)
)
(C:\Users\Carlo Brunelli\AppData\Local\Programs\MiKTeX\tex/generic/etexcmds\ete
xcmds.sty
Package: etexcmds 2019/12/15 v1.7 Avoid name clashes with e-TeX commands (HO)
)
\Hy@SavedSpaceFactor=\count267

(C:\Users\Carlo Brunelli\AppData\Local\Programs\MiKTeX\tex/latex/hyperref\puenc
.def
File: puenc.def 2023-02-07 v7.00v Hyperref: PDF Unicode definition (HO)
Now handling font encoding PU ...
... no UTF-8 mapping file for font encoding PU
)
Package hyperref Info: Hyper figures OFF on input line 4177.
Package hyperref Info: Link nesting OFF on input line 4182.
Package hyperref Info: Hyper index ON on input line 4185.
Package hyperref Info: Plain pages OFF on input line 4192.
Package hyperref Info: Backreferencing OFF on input line 4197.
Package hyperref Info: Implicit mode ON; LaTeX internals redefined.
Package hyperref Info: Bookmarks ON on input line 4425.
\c@Hy@tempcnt=\count268
LaTeX Info: Redefining \url on input line 4763.
\XeTeXLinkMargin=\dimen154

(C:\Users\Carlo Brunelli\AppData\Local\Programs\MiKTeX\tex/generic/bitset\bitse
t.sty
Package: bitset 2019/12/09 v1.3 Handle bit-vector datatype (HO)

(C:\Users\Carlo Brunelli\AppData\Local\Programs\MiKTeX\tex/generic/bigintcalc\b
igintcalc.sty
Package: bigintcalc 2019/12/15 v1.5 Expandable calculations on big integers (HO
)
))
\Fld@menulength=\count269
\Field@Width=\dimen155
\Fld@charsize=\dimen156
Package hyperref Info: Hyper figures OFF on input line 6042.
Package hyperref Info: Link nesting OFF on input line 6047.
Package hyperref Info: Hyper index ON on input line 6050.
Package hyperref Info: backreferencing OFF on input line 6057.
Package hyperref Info: Link coloring OFF on input line 6062.
Package hyperref Info: Link coloring with OCG OFF on input line 6067.
Package hyperref Info: PDF/A mode OFF on input line 6072.

(C:\Users\Carlo Brunelli\AppData\Local\Programs\MiKTeX\tex/latex/base\atbegshi-
ltx.sty
Package: atbegshi-ltx 2021/01/10 v1.0c Emulation of the original atbegshi
package with kernel methods
)
\Hy@abspage=\count270
\c@Item=\count271
\c@Hfootnote=\count272
)
Package hyperref Info: Driver (autodetected): hpdftex.

(C:\Users\Carlo Brunelli\AppData\Local\Programs\MiKTeX\tex/latex/hyperref\hpdft
ex.def
File: hpdftex.def 2023-02-07 v7.00v Hyperref driver for pdfTeX

(C:\Users\Carlo Brunelli\AppData\Local\Programs\MiKTeX\tex/latex/base\atveryend
-ltx.sty
Package: atveryend-ltx 2020/08/19 v1.0a Emulation of the original atveryend pac
kage
with kernel methods
)
\Fld@listcount=\count273
\c@bookmark@seq@number=\count274

(C:\Users\Carlo Brunelli\AppData\Local\Programs\MiKTeX\tex/latex/rerunfilecheck
\rerunfilecheck.sty
Package: rerunfilecheck 2022-07-10 v1.10 Rerun checks for auxiliary files (HO)

(C:\Users\Carlo Brunelli\AppData\Local\Programs\MiKTeX\tex/generic/uniquecounte
r\uniquecounter.sty
Package: uniquecounter 2019/12/15 v1.4 Provide unlimited unique counter (HO)
)
Package uniquecounter Info: New unique counter `rerunfilecheck' on input line 2
85.
)
\Hy@SectionHShift=\skip49
) (jlcode.sty
-- Package: `jlcode' 2.1 <2018/03/06> --
Package: jlcode 2018/03/06 2.1

(C:\Users\Carlo Brunelli\AppData\Local\Programs\MiKTeX\tex/latex/listings\listi
ngs.sty
\lst@mode=\count275
\lst@gtempboxa=\box58
\lst@token=\toks19
\lst@length=\count276
\lst@currlwidth=\dimen157
\lst@column=\count277
\lst@pos=\count278
\lst@lostspace=\dimen158
\lst@width=\dimen159
\lst@newlines=\count279
\lst@lineno=\count280
\abovecaptionskip=\skip50
\belowcaptionskip=\skip51
\lst@maxwidth=\dimen160

(C:\Users\Carlo Brunelli\AppData\Local\Programs\MiKTeX\tex/latex/listings\lstmi
sc.sty
File: lstmisc.sty 2020/03/24 1.8d (Carsten Heinz)
\c@lstnumber=\count281
\lst@skipnumbers=\count282
\lst@framebox=\box59
)
(C:\Users\Carlo Brunelli\AppData\Local\Programs\MiKTeX\tex/latex/listings\listi
ngs.cfg
File: listings.cfg 2020/03/24 1.8d listings configuration
))
Package: listings 2020/03/24 1.8d (Carsten Heinz)

(C:\Users\Carlo Brunelli\AppData\Local\Programs\MiKTeX\tex/latex/xcolor\xcolor.
sty
Package: xcolor 2022/06/12 v2.14 LaTeX color extensions (UK)

(C:\Users\Carlo Brunelli\AppData\Local\Programs\MiKTeX\tex/latex/graphics-cfg\c
olor.cfg
File: color.cfg 2016/01/02 v1.6 sample color configuration
)
Package xcolor Info: Driver file: pdftex.def on input line 227.

(C:\Users\Carlo Brunelli\AppData\Local\Programs\MiKTeX\tex/latex/graphics\mathc
olor.ltx)
Package xcolor Info: Model `cmy' substituted by `cmy0' on input line 1353.
Package xcolor Info: Model `hsb' substituted by `rgb' on input line 1357.
Package xcolor Info: Model `RGB' extended on input line 1369.
Package xcolor Info: Model `HTML' substituted by `rgb' on input line 1371.
Package xcolor Info: Model `Hsb' substituted by `hsb' on input line 1372.
Package xcolor Info: Model `tHsb' substituted by `hsb' on input line 1373.
Package xcolor Info: Model `HSB' substituted by `hsb' on input line 1374.
Package xcolor Info: Model `Gray' substituted by `gray' on input line 1375.
Package xcolor Info: Model `wave' substituted by `hsb' on input line 1376.
)
(C:\Users\Carlo Brunelli\AppData\Local\Programs\MiKTeX\tex/latex/base\textcomp.
sty
Package: textcomp 2020/02/02 v2.0n Standard LaTeX package
)
(C:\Users\Carlo Brunelli\AppData\Local\Programs\MiKTeX\tex/latex/amsfonts\amssy
mb.sty
Package: amssymb 2013/01/14 v3.01 AMS font symbols

(C:\Users\Carlo Brunelli\AppData\Local\Programs\MiKTeX\tex/latex/amsfonts\amsfo
nts.sty
Package: amsfonts 2013/01/14 v3.01 Basic AMSFonts support
\@emptytoks=\toks20
\symAMSa=\mathgroup9
\symAMSb=\mathgroup10
LaTeX Font Info:    Redeclaring math symbol \hbar on input line 98.
LaTeX Font Info:    Overwriting math alphabet `\mathfrak' in version `bold'
(Font)                  U/euf/m/n --> U/euf/b/n on input line 106.
))
(C:\Users\Carlo Brunelli\AppData\Local\Programs\MiKTeX\tex/latex/eurosym\eurosy
m.sty
Package: eurosym 1998/08/06 v1.1 European currency symbol ``Euro''
\@eurobox=\box60
)
(C:\Users\Carlo Brunelli\AppData\Local\Programs\MiKTeX\tex/latex/base\fontenc.s
ty
Package: fontenc 2021/04/29 v2.0v Standard LaTeX package
LaTeX Font Info:    Trying to load font information for T1+ptm on input line 11
2.

(C:\Users\Carlo Brunelli\AppData\Local\Programs\MiKTeX\tex/latex/psnfss\t1ptm.f
d
File: t1ptm.fd 2001/06/04 font definitions for T1/ptm.
))
(C:\Users\Carlo Brunelli\AppData\Local\Programs\MiKTeX\tex/latex/tools\calc.sty
Package: calc 2017/05/25 v4.3 Infix arithmetic (KKT,FJ)
\calc@Acount=\count283
\calc@Bcount=\count284
\calc@Adimen=\dimen161
\calc@Bdimen=\dimen162
\calc@Askip=\skip52
\calc@Bskip=\skip53
LaTeX Info: Redefining \setlength on input line 80.
LaTeX Info: Redefining \addtolength on input line 81.
\calc@Ccount=\count285
\calc@Cskip=\skip54
)
\bfem=\skip55
LaTeX Font Info:    Trying to load font information for T1+cmtt on input line 4
14.

(C:\Users\Carlo Brunelli\AppData\Local\Programs\MiKTeX\tex/latex/base\t1cmtt.fd
File: t1cmtt.fd 2022/07/10 v2.5l Standard LaTeX font definitions
)
\xmrgn=\skip56
)
(C:\Users\Carlo Brunelli\AppData\Local\Programs\MiKTeX\tex/latex/preprint\authb
lk.sty
Package: authblk 2001/02/27 1.3 (PWD)
\affilsep=\skip57
\@affilsep=\skip58
\c@Maxaffil=\count286
\c@authors=\count287
\c@affil=\count288
))
(C:\Users\Carlo Brunelli\AppData\Local\Programs\MiKTeX\tex/latex/amsmath\amsmat
h.sty
Package: amsmath 2022/04/08 v2.17n AMS math features
\@mathmargin=\skip59

For additional information on amsmath, use the `?' option.

(C:\Users\Carlo Brunelli\AppData\Local\Programs\MiKTeX\tex/latex/amsmath\amstex
t.sty
Package: amstext 2021/08/26 v2.01 AMS text

(C:\Users\Carlo Brunelli\AppData\Local\Programs\MiKTeX\tex/latex/amsmath\amsgen
.sty
File: amsgen.sty 1999/11/30 v2.0 generic functions
\@emptytoks=\toks21
\ex@=\dimen163
))
(C:\Users\Carlo Brunelli\AppData\Local\Programs\MiKTeX\tex/latex/amsmath\amsbsy
.sty
Package: amsbsy 1999/11/29 v1.2d Bold Symbols
LaTeX Info: Redefining \boldsymbol on input line 28.
\pmbraise@=\dimen164
)
(C:\Users\Carlo Brunelli\AppData\Local\Programs\MiKTeX\tex/latex/amsmath\amsopn
.sty
Package: amsopn 2022/04/08 v2.04 operator names
)
\inf@bad=\count289
LaTeX Info: Redefining \frac on input line 234.
\uproot@=\count290
\leftroot@=\count291
LaTeX Info: Redefining \overline on input line 399.
LaTeX Info: Redefining \colon on input line 410.
\classnum@=\count292
\DOTSCASE@=\count293
LaTeX Info: Redefining \ldots on input line 496.
LaTeX Info: Redefining \dots on input line 499.
LaTeX Info: Redefining \cdots on input line 620.
\Mathstrutbox@=\box61
\strutbox@=\box62
LaTeX Info: Redefining \big on input line 722.
LaTeX Info: Redefining \Big on input line 723.
LaTeX Info: Redefining \bigg on input line 724.
LaTeX Info: Redefining \Bigg on input line 725.
\big@size=\dimen165
LaTeX Font Info:    Redeclaring font encoding OML on input line 743.
LaTeX Font Info:    Redeclaring font encoding OMS on input line 744.
\macc@depth=\count294
LaTeX Info: Redefining \bmod on input line 905.
LaTeX Info: Redefining \pmod on input line 910.
LaTeX Info: Redefining \smash on input line 940.
LaTeX Info: Redefining \relbar on input line 970.
LaTeX Info: Redefining \Relbar on input line 971.
\c@MaxMatrixCols=\count295
\dotsspace@=\muskip17
\c@parentequation=\count296
\dspbrk@lvl=\count297
\tag@help=\toks22
\row@=\count298
\column@=\count299
\maxfields@=\count300
\andhelp@=\toks23
\eqnshift@=\dimen166
\alignsep@=\dimen167
\tagshift@=\dimen168
\tagwidth@=\dimen169
\totwidth@=\dimen170
\lineht@=\dimen171
\@envbody=\toks24
\multlinegap=\skip60
\multlinetaggap=\skip61
\mathdisplay@stack=\toks25
LaTeX Info: Redefining \[ on input line 2953.
LaTeX Info: Redefining \] on input line 2954.
)
(C:\Users\Carlo Brunelli\AppData\Local\Programs\MiKTeX\tex/latex/siunitx\siunit
x.sty
Package: siunitx 2023-02-21 v3.2.1 A comprehensive (SI) units package
\l__siunitx_angle_tmp_dim=\dimen172
\l__siunitx_angle_marker_box=\box63
\l__siunitx_angle_unit_box=\box64
\l__siunitx_compound_count_int=\count301

(C:\Users\Carlo Brunelli\AppData\Local\Programs\MiKTeX\tex/latex/translations\t
ranslations.sty
Package: translations 2022/02/05 v1.12 internationalization of LaTeX2e packages
 (CN)

(C:\Users\Carlo Brunelli\AppData\Local\Programs\MiKTeX\tex/latex/etoolbox\etool
box.sty
Package: etoolbox 2020/10/05 v2.5k e-TeX tools for LaTeX (JAW)
\etb@tempcnta=\count302
))
\l__siunitx_number_exponent_fixed_int=\count303
\l__siunitx_number_min_decimal_int=\count304
\l__siunitx_number_min_integer_int=\count305
\l__siunitx_number_round_precision_int=\count306
\l__siunitx_number_lower_threshold_int=\count307
\l__siunitx_number_upper_threshold_int=\count308
\l__siunitx_number_group_first_int=\count309
\l__siunitx_number_group_size_int=\count310
\l__siunitx_number_group_minimum_int=\count311
\l__siunitx_table_tmp_box=\box65
\l__siunitx_table_tmp_dim=\dimen173
\l__siunitx_table_column_width_dim=\dimen174
\l__siunitx_table_integer_box=\box66
\l__siunitx_table_decimal_box=\box67
\l__siunitx_table_uncert_box=\box68
\l__siunitx_table_before_box=\box69
\l__siunitx_table_after_box=\box70
\l__siunitx_table_before_dim=\dimen175
\l__siunitx_table_carry_dim=\dimen176
\l__siunitx_unit_tmp_int=\count312
\l__siunitx_unit_position_int=\count313
\l__siunitx_unit_total_int=\count314

(C:\Users\Carlo Brunelli\AppData\Local\Programs\MiKTeX\tex/latex/tools\array.st
y
Package: array 2022/09/04 v2.5g Tabular extension package (FMi)
\col@sep=\dimen177
\ar@mcellbox=\box71
\extrarowheight=\dimen178
\NC@list=\toks26
\extratabsurround=\skip62
\backup@length=\skip63
\ar@cellbox=\box72
))
(C:\Users\Carlo Brunelli\AppData\Local\Programs\MiKTeX\tex/latex/mathtools\math
tools.sty
Package: mathtools 2022/06/29 v1.29 mathematical typesetting tools

(C:\Users\Carlo Brunelli\AppData\Local\Programs\MiKTeX\tex/latex/mathtools\mhse
tup.sty
Package: mhsetup 2021/03/18 v1.4 programming setup (MH)
)
\g_MT_multlinerow_int=\count315
\l_MT_multwidth_dim=\dimen179
\origjot=\skip64
\l_MT_shortvdotswithinadjustabove_dim=\dimen180
\l_MT_shortvdotswithinadjustbelow_dim=\dimen181
\l_MT_above_intertext_sep=\dimen182
\l_MT_below_intertext_sep=\dimen183
\l_MT_above_shortintertext_sep=\dimen184
\l_MT_below_shortintertext_sep=\dimen185
\xmathstrut@box=\box73
\xmathstrut@dim=\dimen186
)
Package translations Info: No language package found. I am going to use `englis
h' as default language. on input line 13.

(C:\Users\Carlo Brunelli\AppData\Local\Programs\MiKTeX\tex/latex/l3backend\l3ba
ckend-pdftex.def
File: l3backend-pdftex.def 2023-01-16 L3 backend support: PDF output (pdfTeX)
\l__color_backend_stack_int=\count316
\l__pdf_internal_box=\box74
) (paper.aux)
\openout1 = `paper.aux'.

LaTeX Font Info:    Checking defaults for OML/cmm/m/it on input line 13.
LaTeX Font Info:    ... okay on input line 13.
LaTeX Font Info:    Checking defaults for OMS/cmsy/m/n on input line 13.
LaTeX Font Info:    ... okay on input line 13.
LaTeX Font Info:    Checking defaults for OT1/cmr/m/n on input line 13.
LaTeX Font Info:    ... okay on input line 13.
LaTeX Font Info:    Checking defaults for T1/cmr/m/n on input line 13.
LaTeX Font Info:    ... okay on input line 13.
LaTeX Font Info:    Checking defaults for TS1/cmr/m/n on input line 13.
LaTeX Font Info:    ... okay on input line 13.
LaTeX Font Info:    Checking defaults for OMX/cmex/m/n on input line 13.
LaTeX Font Info:    ... okay on input line 13.
LaTeX Font Info:    Checking defaults for U/cmr/m/n on input line 13.
LaTeX Font Info:    ... okay on input line 13.
LaTeX Font Info:    Checking defaults for PD1/pdf/m/n on input line 13.
LaTeX Font Info:    ... okay on input line 13.
LaTeX Font Info:    Checking defaults for PU/pdf/m/n on input line 13.
LaTeX Font Info:    ... okay on input line 13.

(C:\Users\Carlo Brunelli\AppData\Local\Programs\MiKTeX\tex/context/base/mkii\su
pp-pdf.mkii
[Loading MPS to PDF converter (version 2006.09.02).]
\scratchcounter=\count317
\scratchdimen=\dimen187
\scratchbox=\box75
\nofMPsegments=\count318
\nofMParguments=\count319
\everyMPshowfont=\toks27
\MPscratchCnt=\count320
\MPscratchDim=\dimen188
\MPnumerator=\count321
\makeMPintoPDFobject=\count322
\everyMPtoPDFconversion=\toks28
)
(C:\Users\Carlo Brunelli\AppData\Local\Programs\MiKTeX\tex/latex/epstopdf-pkg\e
pstopdf-base.sty
Package: epstopdf-base 2020-01-24 v2.11 Base part for package epstopdf
Package epstopdf-base Info: Redefining graphics rule for `.eps' on input line 4
85.

(C:\Users\Carlo Brunelli\AppData\Local\Programs\MiKTeX\tex/latex/00miktex\epsto
pdf-sys.cfg
File: epstopdf-sys.cfg 2021/03/18 v2.0 Configuration of epstopdf for MiKTeX
))
Package hyperref Info: Link coloring OFF on input line 13.
 (paper.out) (paper.out)
\@outlinefile=\write3
\openout3 = `paper.out'.

\c@lstlisting=\count323

(C:\Users\Carlo Brunelli\AppData\Local\Programs\MiKTeX\tex/latex/translations/d
icts\translations-basic-dictionary-english.trsl
File: translations-basic-dictionary-english.trsl (english translation file `tra
nslations-basic-dictionary')
)
Package translations Info: loading dictionary `translations-basic-dictionary' f
or `english'. on input line 13.
 (header.tex)
<logojuliacon.pdf, id=43, 430.91032pt x 145.96547pt>
File: logojuliacon.pdf Graphic file (type pdf)
<use logojuliacon.pdf>
Package pdftex.def Info: logojuliacon.pdf  used on input line 17.
(pdftex.def)             Requested size: 72.26999pt x 24.4797pt.
LaTeX Font Info:    Trying to load font information for U+lasy on input line 17
.

(C:\Users\Carlo Brunelli\AppData\Local\Programs\MiKTeX\tex/latex/base\ulasy.fd
File: ulasy.fd 1998/08/17 v2.2e LaTeX symbol font definitions
)
LaTeX Font Info:    Trying to load font information for U+msa on input line 17.


(C:\Users\Carlo Brunelli\AppData\Local\Programs\MiKTeX\tex/latex/amsfonts\umsa.
fd
File: umsa.fd 2013/01/14 v3.01 AMS symbols A
)
LaTeX Font Info:    Trying to load font information for U+msb on input line 17.


(C:\Users\Carlo Brunelli\AppData\Local\Programs\MiKTeX\tex/latex/amsfonts\umsb.
fd
File: umsb.fd 2013/01/14 v3.01 AMS symbols B
)
LaTeX Font Info:    Font shape `U/lasy/b/n' in size <8> not available
(Font)              Font shape `U/lasy/m/n' tried instead on input line 17.
LaTeX Font Info:    Font shape `U/lasy/b/n' in size <6> not available
(Font)              Font shape `U/lasy/m/n' tried instead on input line 17.

Underfull \hbox (badness 1237) in paragraph at lines 19--22
\T1/ptm/m/n/9 This study presents the im-ple-men-ta-tion of a Syn-thetic Eddy
 []

LaTeX Font Info:    Font shape `U/lasy/b/n' in size <9> not available
(Font)              Font shape `U/lasy/m/n' tried instead on input line 32.
LaTeX Font Info:    Font shape `U/lasy/b/n' in size <5> not available
(Font)              Font shape `U/lasy/m/n' tried instead on input line 32.
<Images/shape/tent_fun.png, id=54, 2509.375pt x 1673.25125pt>
File: Images/shape/tent_fun.png Graphic file (type png)
<use Images/shape/tent_fun.png>
Package pdftex.def Info: Images/shape/tent_fun.png  used on input line 74.
(pdftex.def)             Requested size: 226.79846pt x 151.22441pt.

LaTeX Warning: `h' float specifier changed to `ht'.

<Images/shape/step_fun.png, id=55, 2509.375pt x 1673.25125pt>
File: Images/shape/step_fun.png Graphic file (type png)
<use Images/shape/step_fun.png>
Package pdftex.def Info: Images/shape/step_fun.png  used on input line 81.
(pdftex.def)             Requested size: 226.79846pt x 151.22441pt.

LaTeX Warning: `h' float specifier changed to `ht'.

<Images/shape/trun_gauss_fun.png, id=56, 2509.375pt x 1673.25125pt>
File: Images/shape/trun_gauss_fun.png Graphic file (type png)
<use Images/shape/trun_gauss_fun.png>
Package pdftex.def Info: Images/shape/trun_gauss_fun.png  used on input line 88
.
(pdftex.def)             Requested size: 226.79846pt x 151.22441pt.

LaTeX Warning: `h' float specifier changed to `ht'.


Underfull \hbox (badness 10000) has occurred while \output is active
  
 []

[1{C:/Users/Carlo Brunelli/AppData/Local/MiKTeX/fonts/map/pdftex/pdftex.map}
Non-PDF special ignored!
<special> papersize=8.5in,11in


 <./logojuliacon.pdf>]
Underfull \vbox (badness 6461) has occurred while \output is active []

<Images/virtual_box.png, id=88, 492.33937pt x 526.96875pt>
File: Images/virtual_box.png Graphic file (type png)
<use Images/virtual_box.png>
Package pdftex.def Info: Images/virtual_box.png  used on input line 111.
(pdftex.def)             Requested size: 226.79846pt x 242.75432pt.

Overfull \vbox (2.39996pt too high) has occurred while \output is active []


Underfull \hbox (badness 10000) has occurred while \output is active
  \T1/ptm/m/n/9 2
 []

[2 <./Images/shape/tent_fun.png> <./Images/shape/step_fun.png> <./Images/shape/
trun_gauss_fun.png> <./Images/virtual_box.png>]
<Images/shape/DFSEM_fun.pdf, id=121, 602.25pt x 401.5pt>
File: Images/shape/DFSEM_fun.pdf Graphic file (type pdf)
<use Images/shape/DFSEM_fun.pdf>
Package pdftex.def Info: Images/shape/DFSEM_fun.pdf  used on input line 166.
(pdftex.def)             Requested size: 226.79846pt x 151.19926pt.


LaTeX Warning: `h' float specifier changed to `ht'.


Overfull \vbox (2.39996pt too high) has occurred while \output is active []


Underfull \hbox (badness 10000) has occurred while \output is active
  \T1/ptm/m/n/9 3
 []

[3 <./Images/shape/DFSEM_fun.pdf>]
<Images/Statistics/SEM_Fluctuations.pdf, id=154, 843.15pt x 602.25pt>
File: Images/Statistics/SEM_Fluctuations.pdf Graphic file (type pdf)
<use Images/Statistics/SEM_Fluctuations.pdf>
Package pdftex.def Info: Images/Statistics/SEM_Fluctuations.pdf  used on input 
line 241.
(pdftex.def)             Requested size: 226.79846pt x 161.99396pt.


LaTeX Warning: `h' float specifier changed to `ht'.

<Images/Statistics/autocorr.png, id=155, 451.6875pt x 301.125pt>
File: Images/Statistics/autocorr.png Graphic file (type png)
<use Images/Statistics/autocorr.png>
Package pdftex.def Info: Images/Statistics/autocorr.png  used on input line 249
.
(pdftex.def)             Requested size: 226.79846pt x 151.20079pt.

LaTeX Warning: `h' float specifier changed to `ht'.

<Images/Statistics/SEM_mean.pdf, id=156, 843.15pt x 602.25pt>
File: Images/Statistics/SEM_mean.pdf Graphic file (type pdf)
<use Images/Statistics/SEM_mean.pdf>
Package pdftex.def Info: Images/Statistics/SEM_mean.pdf  used on input line 257
.
(pdftex.def)             Requested size: 226.79846pt x 161.99396pt.

LaTeX Warning: `h' float specifier changed to `ht'.


Overfull \vbox (2.39996pt too high) has occurred while \output is active []


Underfull \hbox (badness 10000) has occurred while \output is active
  \T1/ptm/m/n/9 4
 []

[4 <./Images/Statistics/SEM_Fluctuations.pdf> <./Images/Statistics/autocorr.png
> <./Images/Statistics/SEM_mean.pdf>]
<Images/PSD/SEM_vs_RAND_tent.png, id=187, 602.25pt x 401.5pt>
File: Images/PSD/SEM_vs_RAND_tent.png Graphic file (type png)
<use Images/PSD/SEM_vs_RAND_tent.png>
Package pdftex.def Info: Images/PSD/SEM_vs_RAND_tent.png  used on input line 27
9.
(pdftex.def)             Requested size: 226.79846pt x 151.19926pt.
<Images/PSD/SEM_vs_RAND_step.png, id=188, 602.25pt x 401.5pt>
File: Images/PSD/SEM_vs_RAND_step.png Graphic file (type png)
<use Images/PSD/SEM_vs_RAND_step.png>
Package pdftex.def Info: Images/PSD/SEM_vs_RAND_step.png  used on input line 28
6.
(pdftex.def)             Requested size: 226.79846pt x 151.19926pt.


LaTeX Warning: `h' float specifier changed to `ht'.

<Images/PSD/SEM_vs_RAND_gaus.png, id=189, 602.25pt x 401.5pt>
File: Images/PSD/SEM_vs_RAND_gaus.png Graphic file (type png)
<use Images/PSD/SEM_vs_RAND_gaus.png>
Package pdftex.def Info: Images/PSD/SEM_vs_RAND_gaus.png  used on input line 29
4.
(pdftex.def)             Requested size: 226.79846pt x 151.19926pt.

LaTeX Warning: `h' float specifier changed to `ht'.

<Images/Eddy.png, id=190, 779.16093pt x 547.2947pt>
File: Images/Eddy.png Graphic file (type png)
<use Images/Eddy.png>
Package pdftex.def Info: Images/Eddy.png  used on input line 306.
(pdftex.def)             Requested size: 226.79846pt x 159.3043pt.

LaTeX Warning: `h' float specifier changed to `ht'.

<Images/Statistics/dfsem_zero_div.png, id=194, 376.5267pt x 188.1429pt>
File: Images/Statistics/dfsem_zero_div.png Graphic file (type png)
<use Images/Statistics/dfsem_zero_div.png>
Package pdftex.def Info: Images/Statistics/dfsem_zero_div.png  used on input li
ne 329.
(pdftex.def)             Requested size: 226.79846pt x 113.3287pt.

LaTeX Warning: `h' float specifier changed to `ht'.


Overfull \vbox (2.39996pt too high) has occurred while \output is active []


Underfull \hbox (badness 10000) has occurred while \output is active
  \T1/ptm/m/n/9 5
 []

[5 <./Images/PSD/SEM_vs_RAND_tent.png> <./Images/PSD/SEM_vs_RAND_step.png> <./I
mages/PSD/SEM_vs_RAND_gaus.png> <./Images/Eddy.png>]
<Images/Statistics/Div_free_plane.pdf, id=207, 602.25pt x 401.5pt>
File: Images/Statistics/Div_free_plane.pdf Graphic file (type pdf)
<use Images/Statistics/Div_free_plane.pdf>
Package pdftex.def Info: Images/Statistics/Div_free_plane.pdf  used on input li
ne 338.
(pdftex.def)             Requested size: 226.79846pt x 151.19926pt.
 (bib.tex (paper.bbl
Underfull \hbox (badness 1418) in paragraph at lines 10--15
[]\T1/ptm/m/n/9 Extended syn-thetic eddy method to gen-er-ate in-flow data
 []


Underfull \hbox (badness 1675) in paragraph at lines 10--15
\T1/ptm/m/n/9 for tur-bu-lent ther-mal bound-ary layer. \T1/ptm/m/it/9 In-ter-n
a-tional Jour-
 []


Underfull \hbox (badness 10000) in paragraph at lines 17--22
\T1/ptm/m/n/9 A synthetic-eddy-method for gen-er-at-ing in-flow con-di-
 []


Underfull \hbox (badness 10000) in paragraph at lines 17--22
\T1/ptm/m/n/9 tions for large-eddy sim-u-la-tions. \T1/ptm/m/it/9 In-ter-na-tio
nal Jour-
 []


Underfull \hbox (badness 10000) in paragraph at lines 17--22
\T1/ptm/m/it/9 nal of Heat and Fluid Flow\T1/ptm/m/n/9 , 27:585--593, 8 2006.
 []


Underfull \hbox (badness 3646) in paragraph at lines 24--29
[]\T1/ptm/m/n/9 Thomas S. Lund, Xi-ao-hua Wu, and Kyle D. Squires.
 []


Underfull \hbox (badness 10000) in paragraph at lines 24--29
\T1/ptm/m/n/9 Gen-er-a-tion of tur-bu-lent in-flow data for spatially-
 []


Underfull \hbox (badness 10000) in paragraph at lines 24--29
\T1/ptm/m/n/9 developing bound-ary layer sim-u-la-tions. \T1/ptm/m/it/9 Jour-na
l
 []


Underfull \hbox (badness 10000) in paragraph at lines 24--29
\T1/ptm/m/it/9 of Com-pu-ta-tional Physics\T1/ptm/m/n/9 , 140(2):233--258, 1998
.
 []


Underfull \hbox (badness 1248) in paragraph at lines 31--36
\T1/ptm/m/n/9 con-di-tions for les. vol-ume 91, pages 519--539, 10 2013.
 []

))
Overfull \vbox (2.39996pt too high) has occurred while \output is active []


Underfull \hbox (badness 10000) has occurred while \output is active
  \T1/ptm/m/n/9 6
 []

[6 <./Images/Statistics/dfsem_zero_div.png> <./Images/Statistics/Div_free_plane
.pdf>] (paper.aux)
Package rerunfilecheck Info: File `paper.out' has not changed.
(rerunfilecheck)             Checksum: D444ED4118E17F3E4EE2191969783A4D;1880.
 ) 
Here is how much of TeX's memory you used:
 16926 strings out of 476339
 321440 string characters out of 5783835
 1880340 words of memory out of 5000000
 37033 multiletter control sequences out of 15000+600000
 556914 words of font info for 121 fonts, out of 8000000 for 9000
 1141 hyphenation exceptions out of 8191
 90i,12n,90p,1643b,897s stack positions out of 10000i,1000n,20000p,200000b,200000s
 <C:\Users\Carlo Brunelli\AppData\Local\MiKTeX\fonts/pk/ljfour/jknappen/ec/dp
i600\ectt0900.pk>{C:/Users/Carlo Brunelli/AppData/Local/Programs/MiKTeX/fonts/e
nc/dvips/base/8r.enc} <C:\Users\Carlo Brunelli\AppData\Local\MiKTeX\fonts/pk/lj
four/jknappen/ec/dpi600\ectt1000.pk><C:/Users/Carlo Brunelli/AppData/Local/Prog
rams/MiKTeX/fonts/type1/public/amsfonts/cmextra/cmex9.pfb><C:/Users/Carlo Brune
lli/AppData/Local/Programs/MiKTeX/fonts/type1/public/amsfonts/cm/cmmi6.pfb><C:/
Users/Carlo Brunelli/AppData/Local/Programs/MiKTeX/fonts/type1/public/amsfonts/
cm/cmmi9.pfb><C:/Users/Carlo Brunelli/AppData/Local/Programs/MiKTeX/fonts/type1
/public/amsfonts/cmextra/cmmib6.pfb><C:/Users/Carlo Brunelli/AppData/Local/Prog
rams/MiKTeX/fonts/type1/public/amsfonts/cmextra/cmmib9.pfb><C:/Users/Carlo Brun
elli/AppData/Local/Programs/MiKTeX/fonts/type1/public/amsfonts/cm/cmr5.pfb><C:/
Users/Carlo Brunelli/AppData/Local/Programs/MiKTeX/fonts/type1/public/amsfonts/
cm/cmr6.pfb><C:/Users/Carlo Brunelli/AppData/Local/Programs/MiKTeX/fonts/type1/
public/amsfonts/cm/cmr8.pfb><C:/Users/Carlo Brunelli/AppData/Local/Programs/MiK
TeX/fonts/type1/public/amsfonts/cm/cmr9.pfb><C:/Users/Carlo Brunelli/AppData/Lo
cal/Programs/MiKTeX/fonts/type1/public/amsfonts/cm/cmsy10.pfb><C:/Users/Carlo B
runelli/AppData/Local/Programs/MiKTeX/fonts/type1/public/amsfonts/symbols/msbm1
0.pfb><C:/Users/Carlo Brunelli/AppData/Local/Programs/MiKTeX/fonts/type1/urw/ti
mes/utmb8a.pfb><C:/Users/Carlo Brunelli/AppData/Local/Programs/MiKTeX/fonts/typ
e1/urw/times/utmr8a.pfb><C:/Users/Carlo Brunelli/AppData/Local/Programs/MiKTeX/
fonts/type1/urw/times/utmri8a.pfb>
Output written on paper.pdf (6 pages, 1423309 bytes).
PDF statistics:
 327 PDF objects out of 1000 (max. 8388607)
 58 named destinations out of 1000 (max. 500000)
 156 words of extra memory for PDF output out of 10000 (max. 10000000)

